[debug] [2021-03-12T19:06:22.996Z] ----------------------------------------------------------------------
[debug] [2021-03-12T19:06:22.998Z] Command:       /usr/local/bin/node /usr/local/bin/firebase login
[debug] [2021-03-12T19:06:22.998Z] CLI Version:   8.1.1
[debug] [2021-03-12T19:06:22.998Z] Platform:      darwin
[debug] [2021-03-12T19:06:22.998Z] Node Version:  v12.16.2
[debug] [2021-03-12T19:06:22.999Z] Time:          Fri Mar 12 2021 14:06:22 GMT-0500 (GMT-05:00)
[debug] [2021-03-12T19:06:22.999Z] ----------------------------------------------------------------------
[debug] [2021-03-12T19:06:22.999Z] 
[info] i  Firebase optionally collects CLI usage and error reporting information to help improve our products. Data is collected in accordance with Google's privacy policy (https://policies.google.com/privacy) and is not used to identify you.

[info] 
[info] Visit this URL on this device to log in:
[info] https://accounts.google.com/o/oauth2/auth?client_id=563584335869-fgrhgmd47bqnekij5i8b5pr03ho849e6.apps.googleusercontent.com&scope=email%20openid%20https%3A%2F%2Fwww.googleapis.com%2Fauth%2Fcloudplatformprojects.readonly%20https%3A%2F%2Fwww.googleapis.com%2Fauth%2Ffirebase%20https%3A%2F%2Fwww.googleapis.com%2Fauth%2Fcloud-platform&response_type=code&state=525645759&redirect_uri=http%3A%2F%2Flocalhost%3A9005
[info] 
[info] Waiting for authentication...
[debug] [2021-03-12T19:06:38.223Z] >>> HTTP REQUEST POST https://accounts.google.com/o/oauth2/token  
 {"code":"4/0AY0e-g7m_kvtONJ950mjWTqSkF5L1Tp3JXPNlkulVkgtS2Btgw1JO58qwr4DMDXFICUG5g","client_id":"563584335869-fgrhgmd47bqnekij5i8b5pr03ho849e6.apps.googleusercontent.com","client_secret":"j9iVZfS8kkCEFUPaAeJV0sAi","redirect_uri":"http://localhost:9005","grant_type":"authorization_code"}
[debug] [2021-03-12T19:06:38.436Z] Token Fetch Error: FirebaseError: Server Error. unable to get local issuer certificate
    at Request._callback (/usr/local/lib/node_modules/firebase-tools/lib/api.js:32:31)
    at self.callback (/usr/local/lib/node_modules/firebase-tools/node_modules/request/request.js:185:22)
    at Request.emit (events.js:310:20)
    at Request.EventEmitter.emit (domain.js:482:12)
    at Request.onRequestError (/usr/local/lib/node_modules/firebase-tools/node_modules/request/request.js:877:8)
    at ClientRequest.emit (events.js:310:20)
    at ClientRequest.EventEmitter.emit (domain.js:482:12)
    at TLSSocket.socketErrorListener (_http_client.js:426:9)
    at TLSSocket.emit (events.js:310:20)
    at TLSSocket.EventEmitter.emit (domain.js:482:12)
    at emitErrorNT (internal/streams/destroy.js:92:8)
    at emitErrorAndCloseNT (internal/streams/destroy.js:60:3)
    at processTicksAndRejections (internal/process/task_queues.js:84:21)
[debug] [2021-03-12T19:06:59.136Z] >>> HTTP REQUEST POST https://accounts.google.com/o/oauth2/token  
 {"code":"4/0AY0e-g6x2smf6klYyIJvJiP8ZU4NvLB8E3jVLZjZkhFNpvMk-DwXNNcjRTKcs1I_7eIt2A","client_id":"563584335869-fgrhgmd47bqnekij5i8b5pr03ho849e6.apps.googleusercontent.com","client_secret":"j9iVZfS8kkCEFUPaAeJV0sAi","redirect_uri":"http://localhost:9005","grant_type":"authorization_code"}
[debug] [2021-03-12T19:06:59.341Z] Token Fetch Error: FirebaseError: Server Error. unable to get local issuer certificate
    at Request._callback (/usr/local/lib/node_modules/firebase-tools/lib/api.js:32:31)
    at self.callback (/usr/local/lib/node_modules/firebase-tools/node_modules/request/request.js:185:22)
    at Request.emit (events.js:310:20)
    at Request.EventEmitter.emit (domain.js:482:12)
    at Request.onRequestError (/usr/local/lib/node_modules/firebase-tools/node_modules/request/request.js:877:8)
    at ClientRequest.emit (events.js:310:20)
    at ClientRequest.EventEmitter.emit (domain.js:482:12)
    at TLSSocket.socketErrorListener (_http_client.js:426:9)
    at TLSSocket.emit (events.js:310:20)
    at TLSSocket.EventEmitter.emit (domain.js:482:12)
    at emitErrorNT (internal/streams/destroy.js:92:8)
    at emitErrorAndCloseNT (internal/streams/destroy.js:60:3)
    at processTicksAndRejections (internal/process/task_queues.js:84:21)
[debug] [2021-03-12T19:07:24.347Z] >>> HTTP REQUEST POST https://accounts.google.com/o/oauth2/token  
 {"code":"4/0AY0e-g7NyXSAs8QEmYQhkqFZApQQy5A_KKE-knFIfeJ_kf8B-pY-GaCmfq9uF92aq-Kw5A","client_id":"563584335869-fgrhgmd47bqnekij5i8b5pr03ho849e6.apps.googleusercontent.com","client_secret":"j9iVZfS8kkCEFUPaAeJV0sAi","redirect_uri":"http://localhost:9005","grant_type":"authorization_code"}
[debug] [2021-03-12T19:07:24.572Z] Token Fetch Error: FirebaseError: Server Error. unable to get local issuer certificate
    at Request._callback (/usr/local/lib/node_modules/firebase-tools/lib/api.js:32:31)
    at self.callback (/usr/local/lib/node_modules/firebase-tools/node_modules/request/request.js:185:22)
    at Request.emit (events.js:310:20)
    at Request.EventEmitter.emit (domain.js:482:12)
    at Request.onRequestError (/usr/local/lib/node_modules/firebase-tools/node_modules/request/request.js:877:8)
    at ClientRequest.emit (events.js:310:20)
    at ClientRequest.EventEmitter.emit (domain.js:482:12)
    at TLSSocket.socketErrorListener (_http_client.js:426:9)
    at TLSSocket.emit (events.js:310:20)
    at TLSSocket.EventEmitter.emit (domain.js:482:12)
    at emitErrorNT (internal/streams/destroy.js:92:8)
    at emitErrorAndCloseNT (internal/streams/destroy.js:60:3)
    at processTicksAndRejections (internal/process/task_queues.js:84:21)
[debug] [2021-03-12T20:06:25.128Z] ----------------------------------------------------------------------
[debug] [2021-03-12T20:06:25.129Z] Command:       /usr/local/bin/node /usr/local/bin/firebase login
[debug] [2021-03-12T20:06:25.129Z] CLI Version:   8.1.1
[debug] [2021-03-12T20:06:25.129Z] Platform:      darwin
[debug] [2021-03-12T20:06:25.129Z] Node Version:  v12.16.2
[debug] [2021-03-12T20:06:25.130Z] Time:          Fri Mar 12 2021 15:06:25 GMT-0500 (GMT-05:00)
[debug] [2021-03-12T20:06:25.131Z] ----------------------------------------------------------------------
[debug] [2021-03-12T20:06:25.131Z] 
[info] i  Firebase optionally collects CLI usage and error reporting information to help improve our products. Data is collected in accordance with Google's privacy policy (https://policies.google.com/privacy) and is not used to identify you.

[info] i  To change your data collection preference at any time, run `firebase logout` and log in again.
[info] 
[info] Visit this URL on this device to log in:
[info] https://accounts.google.com/o/oauth2/auth?client_id=563584335869-fgrhgmd47bqnekij5i8b5pr03ho849e6.apps.googleusercontent.com&scope=email%20openid%20https%3A%2F%2Fwww.googleapis.com%2Fauth%2Fcloudplatformprojects.readonly%20https%3A%2F%2Fwww.googleapis.com%2Fauth%2Ffirebase%20https%3A%2F%2Fwww.googleapis.com%2Fauth%2Fcloud-platform&response_type=code&state=744104736&redirect_uri=http%3A%2F%2Flocalhost%3A9005
[info] 
[info] Waiting for authentication...
[debug] [2021-03-12T20:06:35.360Z] >>> HTTP REQUEST POST https://accounts.google.com/o/oauth2/token  
 {"code":"4/0AY0e-g4_5mhCC_w4Y_VT-HQk7ppziPozc-aT9z_ad9VNBYHzHOakS6RIEH93cs_SPlyTqA","client_id":"563584335869-fgrhgmd47bqnekij5i8b5pr03ho849e6.apps.googleusercontent.com","client_secret":"j9iVZfS8kkCEFUPaAeJV0sAi","redirect_uri":"http://localhost:9005","grant_type":"authorization_code"}
[debug] [2021-03-12T20:06:35.761Z] Token Fetch Error: FirebaseError: Server Error. unable to get local issuer certificate
    at Request._callback (/usr/local/lib/node_modules/firebase-tools/lib/api.js:32:31)
    at self.callback (/usr/local/lib/node_modules/firebase-tools/node_modules/request/request.js:185:22)
    at Request.emit (events.js:310:20)
    at Request.EventEmitter.emit (domain.js:482:12)
    at Request.onRequestError (/usr/local/lib/node_modules/firebase-tools/node_modules/request/request.js:877:8)
    at ClientRequest.emit (events.js:310:20)
    at ClientRequest.EventEmitter.emit (domain.js:482:12)
    at TLSSocket.socketErrorListener (_http_client.js:426:9)
    at TLSSocket.emit (events.js:310:20)
    at TLSSocket.EventEmitter.emit (domain.js:482:12)
    at emitErrorNT (internal/streams/destroy.js:92:8)
    at emitErrorAndCloseNT (internal/streams/destroy.js:60:3)
    at processTicksAndRejections (internal/process/task_queues.js:84:21)
